<?xml version="1.0" encoding="UTF-8"?>
<testsuite name="CinemaTests" tests="1" skipped="0" failures="0" errors="0" timestamp="2021-09-26T15:08:56" hostname="DESKTOP-C5147BT" time="3.069">
  <properties/>
  <testcase name="start" classname="CinemaTests" time="3.069"/>
  <system-out><![CDATA[?[1;31m
Start test 1?[0m

  .   ____          _            __ _ _
 /\\ / ___'_ __ _ _(_)_ __  __ _ \ \ \ \
( ( )\___ | '_ | '_| | '_ \/ _` | \ \ \ \
 \\/  ___)| |_)| | | | | || (_| |  ) ) ) )
  '  |____| .__|_| |_|_| |_\__, | / / / /
 =========|_|==============|___/=/_/_/_/
 :: Spring Boot ::        (v2.3.1.RELEASE)

2021-09-26 11:08:56.739  INFO 22376 --- [    Test worker] cinema.Main                              : Starting Main on DESKTOP-C5147BT with PID 22376 (started by Sistrog in C:\Users\Sistrog\IdeaProjects\Cinema Room REST Service\Cinema Room REST Service\task)
2021-09-26 11:08:56.742  INFO 22376 --- [    Test worker] cinema.Main                              : No active profile set, falling back to default profiles: default
2021-09-26 11:08:57.951  INFO 22376 --- [    Test worker] o.s.b.w.embedded.tomcat.TomcatWebServer  : Tomcat initialized with port(s): 28852 (http)
2021-09-26 11:08:57.962  INFO 22376 --- [    Test worker] o.apache.catalina.core.StandardService   : Starting service [Tomcat]
2021-09-26 11:08:57.962  INFO 22376 --- [    Test worker] org.apache.catalina.core.StandardEngine  : Starting Servlet engine: [Apache Tomcat/9.0.36]
2021-09-26 11:08:58.054  INFO 22376 --- [    Test worker] o.a.c.c.C.[Tomcat].[localhost].[/]       : Initializing Spring embedded WebApplicationContext
2021-09-26 11:08:58.054  INFO 22376 --- [    Test worker] w.s.c.ServletWebServerApplicationContext : Root WebApplicationContext: initialization completed in 1263 ms
2021-09-26 11:08:58.306  INFO 22376 --- [    Test worker] o.s.s.concurrent.ThreadPoolTaskExecutor  : Initializing ExecutorService 'applicationTaskExecutor'
2021-09-26 11:08:58.572  INFO 22376 --- [    Test worker] o.s.b.a.e.web.EndpointLinksResolver      : Exposing 14 endpoint(s) beneath base path '/actuator'
2021-09-26 11:08:58.626  INFO 22376 --- [    Test worker] o.s.b.w.embedded.tomcat.TomcatWebServer  : Tomcat started on port(s): 28852 (http) with context path ''
2021-09-26 11:08:58.647  INFO 22376 --- [    Test worker] cinema.Main                              : Started Main in 2.268 seconds (JVM running for 3.146)
2021-09-26 11:08:58.994  INFO 22376 --- [io-28852-exec-1] o.a.c.c.C.[Tomcat].[localhost].[/]       : Initializing Spring DispatcherServlet 'dispatcherServlet'
2021-09-26 11:08:58.996  INFO 22376 --- [io-28852-exec-1] o.s.web.servlet.DispatcherServlet        : Initializing Servlet 'dispatcherServlet'
2021-09-26 11:08:59.005  INFO 22376 --- [io-28852-exec-1] o.s.web.servlet.DispatcherServlet        : Completed initialization in 9 ms
?[1;31m
Start test 2?[0m
?[1;31m
Start test 3?[0m
?[1;31m
Start test 4?[0m
?[1;31m
Start test 5?[0m
]]></system-out>
  <system-err><![CDATA[]]></system-err>
</testsuite>
